2023-07-30 16:39:16,004  * Debugger is active!
2023-07-30 16:39:16,006  * Debugger PIN: 192-066-354
2023-07-30 16:39:24,476 Thread for team 1294: Starting
2023-07-30 16:39:24,477 Thread for team 1318: Starting
2023-07-30 16:39:24,478 Thread for team 1425: Starting
2023-07-30 16:39:24,478 Thread for team 1540: Starting
2023-07-30 16:39:24,479 Thread for team 1778: Starting
2023-07-30 16:39:24,480 Thread for team 1899: Starting
2023-07-30 16:39:24,486 Thread for team 1983: Starting
2023-07-30 16:39:24,488 Thread for team 2046: Starting
2023-07-30 16:39:24,489 Thread for team 2147: Starting
2023-07-30 16:39:24,490 Thread for team 2412: Starting
2023-07-30 16:39:24,490 Thread for team 2471: Starting
2023-07-30 16:39:24,492 Thread for team 2521: Starting
2023-07-30 16:39:24,493 Thread for team 2522: Starting
2023-07-30 16:39:24,495 Thread for team 2557: Starting
2023-07-30 16:39:24,498 Thread for team 2635: Starting
2023-07-30 16:39:24,500 Thread for team 2811: Starting
2023-07-30 16:39:24,502 Thread for team 2910: Starting
2023-07-30 16:39:24,503 Thread for team 2930: Starting
2023-07-30 16:39:24,505 Thread for team 2980: Starting
2023-07-30 16:39:24,506 Thread for team 2990: Starting
2023-07-30 16:39:24,507 Thread for team 3070: Starting
2023-07-30 16:39:24,507 Thread for team 3218: Starting
2023-07-30 16:39:24,508 Thread for team 3219: Starting
2023-07-30 16:39:24,513 Thread for team 360: Starting
2023-07-30 16:39:24,517 Thread for team 3636: Starting
2023-07-30 16:39:24,517 Thread for team 3663: Starting
2023-07-30 16:39:24,517 Thread for team 3674: Starting
2023-07-30 16:39:24,518 Thread for team 3711: Starting
2023-07-30 16:39:24,519 Thread for team 4061: Starting
2023-07-30 16:39:24,520 Thread for team 4125: Starting
2023-07-30 16:39:24,524 Thread for team 4131: Starting
2023-07-30 16:39:24,524 Thread for team 4450: Starting
2023-07-30 16:39:24,527 Thread for team 4469: Starting
2023-07-30 16:39:24,529 Thread for team 4488: Starting
2023-07-30 16:39:24,531 Thread for team 4682: Starting
2023-07-30 16:39:24,534 Thread for team 488: Starting
2023-07-30 16:39:24,535 Thread for team 4911: Starting
2023-07-30 16:39:24,536 Thread for team 4915: Starting
2023-07-30 16:39:24,537 Thread for team 4918: Starting
2023-07-30 16:39:24,538 Thread for team 492: Starting
2023-07-30 16:39:24,539 Thread for team 5468: Starting
2023-07-30 16:39:24,542 Thread for team 5827: Starting
2023-07-30 16:39:24,543 Thread for team 5920: Starting
2023-07-30 16:39:24,545 Thread for team 6443: Starting
2023-07-30 16:39:24,546 Thread for team 6831: Starting
2023-07-30 16:39:24,548 Thread for team 7034: Starting
2023-07-30 16:39:24,550 Thread for team 7461: Starting
2023-07-30 16:39:24,552 Thread for team 753: Starting
2023-07-30 16:39:24,554 Thread for team 7627: Starting
2023-07-30 16:39:24,555 Thread for team 8532: Starting
2023-07-30 16:39:24,557 Thread for team 9023: Starting
2023-07-30 16:39:24,558 Thread for team 9036: Starting
2023-07-30 16:39:24,560 Thread for team 948: Starting
2023-07-30 16:39:24,561 Thread for team 955: Starting
2023-07-30 16:39:25,775 Thread for team 360: Finished
2023-07-30 16:39:25,872 Thread for team 2557: Finished
2023-07-30 16:39:25,890 Thread for team 4125: Finished
2023-07-30 16:39:26,034 Thread for team 2471: Finished
2023-07-30 16:39:26,146 Thread for team 4911: Finished
2023-07-30 16:39:26,216 Thread for team 1540: Finished
2023-07-30 16:39:26,400 Thread for team 6831: Finished
2023-07-30 16:39:26,766 Thread for team 3219: Finished
2023-07-30 16:39:26,968 Thread for team 4918: Finished
2023-07-30 16:39:27,406 Thread for team 2930: Finished
2023-07-30 16:39:27,476 Thread for team 1294: Finished
2023-07-30 16:39:27,491 Thread for team 2910: Finished
2023-07-30 16:39:27,634 Thread for team 2046: Finished
2023-07-30 16:39:27,829 Thread for team 2521: Finished
2023-07-30 16:39:28,080 Thread for team 2522: Finished
2023-07-30 16:39:28,115 Thread for team 4450: Finished
2023-07-30 16:39:28,438 Thread for team 4469: Finished
2023-07-30 16:39:28,659 Thread for team 2980: Finished
2023-07-30 16:39:28,703 Thread for team 2811: Finished
2023-07-30 16:39:28,806 Thread for team 7461: Finished
2023-07-30 16:39:28,986 Thread for team 6443: Finished
2023-07-30 16:39:29,014 Thread for team 8532: Finished
2023-07-30 16:39:29,132 Thread for team 2635: Finished
2023-07-30 16:39:29,183 Thread for team 948: Finished
2023-07-30 16:39:29,483 Thread for team 3218: Finished
2023-07-30 16:39:29,984 Thread for team 7034: Finished
2023-07-30 16:39:30,266 Thread for team 2412: Finished
2023-07-30 16:39:31,212 Thread for team 1983: Finished
2023-07-30 16:39:31,727 Thread for team 5468: Finished
2023-07-30 16:39:32,077 Thread for team 1318: Finished
2023-07-30 16:39:32,478 Thread for team 2990: Finished
2023-07-30 16:39:32,951 Thread for team 9036: Finished
2023-07-30 16:39:33,516 Thread for team 1778: Finished
2023-07-30 16:39:34,030 Thread for team 1425: Finished
2023-07-30 16:39:34,453 Thread for team 1899: Finished
2023-07-30 16:39:34,952 Thread for team 3636: Finished
2023-07-30 16:39:35,175 Thread for team 955: Finished
2023-07-30 16:39:35,655 Thread for team 5827: Finished
2023-07-30 16:39:36,277 Thread for team 3711: Finished
2023-07-30 16:39:37,174 Thread for team 488: Finished
2023-07-30 16:39:37,594 Thread for team 3663: Finished
2023-07-30 16:39:37,670 Thread for team 4488: Finished
2023-07-30 16:39:38,216 Thread for team 4682: Finished
2023-07-30 16:39:38,688 Thread for team 492: Finished
2023-07-30 16:39:38,875 Thread for team 4061: Finished
2023-07-30 16:39:39,940 Thread for team 3070: Finished
2023-07-30 16:39:40,436 Thread for team 4915: Finished
2023-07-30 16:39:40,677 Thread for team 4131: Finished
2023-07-30 16:39:41,087 Thread for team 3674: Finished
2023-07-30 16:39:41,555 Thread for team 753: Finished
2023-07-30 16:39:42,798 Thread for team 7627: Finished
2023-07-30 16:39:43,197 Thread for team 5920: Finished
2023-07-30 16:39:43,679 Thread for team 2147: Finished
2023-07-30 16:39:44,176 Thread for team 9023: Finished
2023-07-30 16:39:44,183 127.0.0.1 - - [30/Jul/2023 16:39:44] "GET /testing HTTP/1.1" 200 -
2023-07-30 16:39:44,248 127.0.0.1 - - [30/Jul/2023 16:39:44] "[36mGET /static/style.css HTTP/1.1[0m" 304 -
2023-07-30 16:39:44,256 127.0.0.1 - - [30/Jul/2023 16:39:44] "[36mGET /static/script.js HTTP/1.1[0m" 304 -
2023-07-30 16:39:44,569 127.0.0.1 - - [30/Jul/2023 16:39:44] "[33mGET /N HTTP/1.1[0m" 404 -
2023-07-30 16:39:44,617 127.0.0.1 - - [30/Jul/2023 16:39:44] "[36mGET /static/content/TRC+Logo.png HTTP/1.1[0m" 304 -
2023-07-30 16:39:44,709 127.0.0.1 - - [30/Jul/2023 16:39:44] "[33mGET /o HTTP/1.1[0m" 404 -
2023-07-30 16:39:44,878 127.0.0.1 - - [30/Jul/2023 16:39:44] "[33mGET /I HTTP/1.1[0m" 404 -
2023-07-30 16:39:44,927 127.0.0.1 - - [30/Jul/2023 16:39:44] "[33mGET /m HTTP/1.1[0m" 404 -
2023-07-30 16:39:45,021 127.0.0.1 - - [30/Jul/2023 16:39:45] "[33mGET /a HTTP/1.1[0m" 404 -
2023-07-30 16:39:45,190 127.0.0.1 - - [30/Jul/2023 16:39:45] "[33mGET /g HTTP/1.1[0m" 404 -
2023-07-30 16:39:45,248 127.0.0.1 - - [30/Jul/2023 16:39:45] "[33mGET /e HTTP/1.1[0m" 404 -
2023-07-30 16:39:45,336 127.0.0.1 - - [30/Jul/2023 16:39:45] "[33mGET /s HTTP/1.1[0m" 404 -
